<?xml version="1.0" encoding="UTF-8"?>
<!-- Generated by org.testng.reporters.JUnitXMLReporter -->
<testsuite ignored="0" hostname="DESKTOP-EUG6O48" failures="0" tests="9" name="Test" time="33.728" errors="0" timestamp="2025-09-17T15:46:33 IST">
  <testcase classname="testcases.substore_testcase" name="verifySubstoreCounterSubModule" time="10.528"/>
  <testcase classname="testcases.substore_testcase" name="verifySubstoreSubModules" time="0.797"/>
  <testcase classname="testcases.substore_testcase" name="verifySubstoreModule" time="0.633"/>
  <testcase classname="testcases.substore_testcase" name="verifySubstoreSubModule" time="1.557"/>
  <testcase classname="testcases.substore_testcase" name="verifyAllSubstoreModulesAreDisplayedInSublist" time="0.337"/>
  <testcase classname="testcases.substore_testcase" name="verifyNavigationBetweenSubmodules" time="1.101"/>
  <testcase classname="testcases.substore_testcase" name="takingScreenshotOfCurrentPage" time="0.264"/>
  <testcase classname="testcases.substore_testcase" name="verifyInventoryRequisitionSection" time="7.736"/>
  <testcase classname="testcases.substore_testcase" name="verifyCreateRequisitionButton" time="3.652"/>
</testsuite> <!-- Test -->
